app/build/outputs/logs/manifest-merger-debug-report.txt
-- Merging decision tree log ---
manifest
ADDED from src\main\AndroidManifest.xml:2:1-30:12
INJECTED from src\main\AndroidManifest.xml:2:1-30:12
INJECTED from src\main\AndroidManifest.xml:2:1-30:12
INJECTED from src\main\AndroidManifest.xml:2:1-30:12
MERGED from [androidx.compose.ui:ui-tooling:1.1.1] AndroidManifest.xml:17:1-30:12
MERGED from [androidx.compose.material:material:1.1.1] AndroidManifest.xml:17:1-24:12
MERGED from [androidx.hilt:hilt-navigation-compose:1.0.0] AndroidManifest.xml:17:1-24:12
MERGED from [androidx.navigation:navigation-compose:2.4.0] AndroidManifest.xml:17:1-24:12
MERGED from [androidx.activity:activity-compose:1.3.1] AndroidManifest.xml:17:1-24:12
MERGED from [androidx.lifecycle:lifecycle-viewmodel-compose:2.4.1] AndroidManifest.xml:17:1-24:12
MERGED from [androidx.compose.ui:ui-tooling-data:1.1.1] AndroidManifest.xml:17:1-24:12
MERGED from [androidx.compose.material:material-ripple:1.1.1] AndroidManifest.xml:17:1-24:12
MERGED from [androidx.compose.foundation:foundation:1.1.1] AndroidManifest.xml:17:1-24:12
MERGED from [androidx.compose.animation:animation:1.1.1] AndroidManifest.xml:17:1-24:12
MERGED from [androidx.compose.material:material-icons-core:1.1.1] AndroidManifest.xml:17:1-24:12
MERGED from [androidx.compose.foundation:foundation-layout:1.1.1] AndroidManifest.xml:17:1-24:12
MERGED from [androidx.compose.animation:animation-core:1.1.1] AndroidManifest.xml:17:1-24:12
MERGED from [androidx.compose.ui:ui:1.1.1] AndroidManifest.xml:17:1-24:12
MERGED from [androidx.hilt:hilt-navigation:1.0.0] AndroidManifest.xml:17:1-24:12
MERGED from [androidx.navigation:navigation-runtime-ktx:2.4.0] AndroidManifest.xml:17:1-24:12
MERGED from [androidx.navigation:navigation-runtime:2.4.0] AndroidManifest.xml:17:1-24:12
MERGED from [androidx.activity:activity-ktx:1.3.1] AndroidManifest.xml:17:1-24:12
MERGED from [androidx.navigation:navigation-common-ktx:2.4.0] AndroidManifest.xml:17:1-24:12
MERGED from [androidx.navigation:navigation-common:2.4.0] AndroidManifest.xml:17:1-24:12
MERGED from [androidx.lifecycle:lifecycle-runtime-ktx:2.3.1] AndroidManifest.xml:17:1-24:12
MERGED from [androidx.compose.ui:ui-tooling-preview:1.1.1] AndroidManifest.xml:17:1-24:12
MERGED from [androidx.compose.ui:ui-text:1.1.1] AndroidManifest.xml:17:1-24:12
MERGED from [androidx.compose.runtime:runtime-saveable:1.1.1] AndroidManifest.xml:17:1-24:12
MERGED from [androidx.compose.ui:ui-graphics:1.1.1] AndroidManifest.xml:17:1-24:12
MERGED from [androidx.compose.ui:ui-unit:1.1.1] AndroidManifest.xml:17:1-24:12
MERGED from [androidx.compose.ui:ui-geometry:1.1.1] AndroidManifest.xml:17:1-24:12
MERGED from [androidx.compose.runtime:runtime:1.1.1] AndroidManifest.xml:17:1-24:12
MERGED from [androidx.lifecycle:lifecycle-viewmodel-ktx:2.3.1] AndroidManifest.xml:17:1-24:12
MERGED from [androidx.core:core-ktx:1.7.0] AndroidManifest.xml:2:1-9:12
MERGED from [androidx.hilt:hilt-lifecycle-viewmodel:1.0.0-alpha03] AndroidManifest.xml:17:1-24:12
MERGED from [com.google.dagger:hilt-android:2.40.5] AndroidManifest.xml:16:1-19:12
MERGED from [com.google.android.gms:play-services-location:20.0.0] AndroidManifest.xml:2:1-9:12
MERGED from [androidx.compose.ui:ui-util:1.1.1] AndroidManifest.xml:17:1-24:12
MERGED from [androidx.savedstate:savedstate-ktx:1.1.0] AndroidManifest.xml:17:1-24:12
MERGED from [androidx.autofill:autofill:1.0.0] AndroidManifest.xml:17:1-24:12
MERGED from [com.google.android.gms:play-services-base:18.0.1] AndroidManifest.xml:16:1-24:12
MERGED from [com.google.android.gms:play-services-tasks:18.0.1] AndroidManifest.xml:2:1-6:12
MERGED from [com.google.android.gms:play-services-basement:18.0.0] AndroidManifest.xml:16:1-26:12
MERGED from [androidx.fragment:fragment:1.3.6] AndroidManifest.xml:17:1-24:12
MERGED from [androidx.activity:activity:1.3.1] AndroidManifest.xml:17:1-24:12
MERGED from [androidx.viewpager:viewpager:1.0.0] AndroidManifest.xml:17:1-22:12
MERGED from [androidx.loader:loader:1.0.0] AndroidManifest.xml:17:1-22:12
MERGED from [androidx.customview:customview:1.0.0] AndroidManifest.xml:17:1-22:12
MERGED from [androidx.core:core:1.7.0] AndroidManifest.xml:17:1-26:12
MERGED from [androidx.lifecycle:lifecycle-viewmodel-savedstate:2.3.1] AndroidManifest.xml:17:1-24:12
MERGED from [androidx.savedstate:savedstate:1.1.0] AndroidManifest.xml:17:1-24:12
MERGED from [androidx.profileinstaller:profileinstaller:1.1.0] AndroidManifest.xml:17:1-48:12
MERGED from [androidx.lifecycle:lifecycle-runtime:2.3.1] AndroidManifest.xml:17:1-24:12
MERGED from [androidx.lifecycle:lifecycle-viewmodel:2.3.1] AndroidManifest.xml:17:1-24:12
MERGED from [androidx.lifecycle:lifecycle-livedata:2.0.0] AndroidManifest.xml:17:1-22:12
MERGED from [androidx.lifecycle:lifecycle-livedata-core:2.3.1] AndroidManifest.xml:17:1-24:12
MERGED from [androidx.versionedparcelable:versionedparcelable:1.1.1] AndroidManifest.xml:17:1-27:12
MERGED from [androidx.startup:startup-runtime:1.0.0] AndroidManifest.xml:17:1-33:12
MERGED from [androidx.arch.core:core-runtime:2.1.0] AndroidManifest.xml:17:1-24:12
MERGED from [androidx.tracing:tracing:1.0.0] AndroidManifest.xml:17:1-24:12
MERGED from [com.google.dagger:dagger-lint-aar:2.40.5] AndroidManifest.xml:16:1-19:12
MERGED from [androidx.annotation:annotation-experimental:1.1.0] AndroidManifest.xml:17:1-24:12
INJECTED from src\main\AndroidManifest.xml:2:1-30:12
INJECTED from src\main\AndroidManifest.xml:2:1-30:12
INJECTED from src\main\AndroidManifest.xml:2:1-30:12
	package
		ADDED from src\main\AndroidManifest.xml:3:5-38
		INJECTED from src\main\AndroidManifest.xml
		INJECTED from src\main\AndroidManifest.xml
	android:versionName
		INJECTED from src\main\AndroidManifest.xml
		ADDED from src\main\AndroidManifest.xml:2:1-30:12
		INJECTED from src\main\AndroidManifest.xml
	android:versionCode
		INJECTED from src\main\AndroidManifest.xml
		ADDED from src\main\AndroidManifest.xml:2:1-30:12
		INJECTED from src\main\AndroidManifest.xml
	xmlns:android
		ADDED from src\main\AndroidManifest.xml:2:11-69
uses-permission#android.permission.INTERNET
ADDED from src\main\AndroidManifest.xml:5:5-67
	android:name
		ADDED from src\main\AndroidManifest.xml:5:22-64
uses-permission#android.permission.ACCESS_COARSE_LOCATION
ADDED from src\main\AndroidManifest.xml:6:5-81
	android:name
		ADDED from src\main\AndroidManifest.xml:6:22-78
uses-permission#android.permission.ACCESS_FINE_LOCATION
ADDED from src\main\AndroidManifest.xml:7:5-79
	android:name
		ADDED from src\main\AndroidManifest.xml:7:22-76
application
ADDED from src\main\AndroidManifest.xml:9:5-28:19
MERGED from [androidx.compose.ui:ui-tooling:1.1.1] AndroidManifest.xml:24:5-28:19
MERGED from [androidx.compose.ui:ui-tooling:1.1.1] AndroidManifest.xml:24:5-28:19
MERGED from [com.google.android.gms:play-services-location:20.0.0] AndroidManifest.xml:7:5-20
MERGED from [com.google.android.gms:play-services-location:20.0.0] AndroidManifest.xml:7:5-20
MERGED from [com.google.android.gms:play-services-base:18.0.1] AndroidManifest.xml:19:5-23:19
MERGED from [com.google.android.gms:play-services-base:18.0.1] AndroidManifest.xml:19:5-23:19
MERGED from [com.google.android.gms:play-services-tasks:18.0.1] AndroidManifest.xml:5:5-20
MERGED from [com.google.android.gms:play-services-tasks:18.0.1] AndroidManifest.xml:5:5-20
MERGED from [com.google.android.gms:play-services-basement:18.0.0] AndroidManifest.xml:20:5-24:19
MERGED from [com.google.android.gms:play-services-basement:18.0.0] AndroidManifest.xml:20:5-24:19
MERGED from [androidx.core:core:1.7.0] AndroidManifest.xml:24:5-89
MERGED from [androidx.core:core:1.7.0] AndroidManifest.xml:24:5-89
MERGED from [androidx.profileinstaller:profileinstaller:1.1.0] AndroidManifest.xml:25:5-46:19
MERGED from [androidx.profileinstaller:profileinstaller:1.1.0] AndroidManifest.xml:25:5-46:19
MERGED from [androidx.versionedparcelable:versionedparcelable:1.1.1] AndroidManifest.xml:24:5-25:19
MERGED from [androidx.versionedparcelable:versionedparcelable:1.1.1] AndroidManifest.xml:24:5-25:19
MERGED from [androidx.startup:startup-runtime:1.0.0] AndroidManifest.xml:25:5-31:19
MERGED from [androidx.startup:startup-runtime:1.0.0] AndroidManifest.xml:25:5-31:19
	android:appComponentFactory
		ADDED from [androidx.core:core:1.7.0] AndroidManifest.xml:24:18-86
	android:supportsRtl
		ADDED from src\main\AndroidManifest.xml:15:9-35
	android:label
		ADDED from src\main\AndroidManifest.xml:13:9-41
	android:roundIcon
		ADDED from src\main\AndroidManifest.xml:14:9-54
	android:icon
		ADDED from src\main\AndroidManifest.xml:12:9-43
	android:allowBackup
		ADDED from src\main\AndroidManifest.xml:11:9-35
	android:theme
		ADDED from src\main\AndroidManifest.xml:16:9-48
	android:name
		ADDED from src\main\AndroidManifest.xml:10:9-35
activity#com.plcoding.weatherapp.presentation.MainActivity
ADDED from src\main\AndroidManifest.xml:17:9-27:20
	android:label
		ADDED from src\main\AndroidManifest.xml:20:13-45
	android:exported
		ADDED from src\main\AndroidManifest.xml:19:13-36
	android:theme
		ADDED from src\main\AndroidManifest.xml:21:13-52
	android:name
		ADDED from src\main\AndroidManifest.xml:18:13-54
intent-filter#action:name:android.intent.action.MAIN+category:name:android.intent.category.LAUNCHER
ADDED from src\main\AndroidManifest.xml:22:13-26:29
action#android.intent.action.MAIN
ADDED from src\main\AndroidManifest.xml:23:17-69
	android:name
		ADDED from src\main\AndroidManifest.xml:23:25-66
category#android.intent.category.LAUNCHER
ADDED from src\main\AndroidManifest.xml:25:17-77
	android:name
		ADDED from src\main\AndroidManifest.xml:25:27-74
uses-sdk
INJECTED from src\main\AndroidManifest.xml reason: use-sdk injection requested
INJECTED from src\main\AndroidManifest.xml
INJECTED from src\main\AndroidManifest.xml
MERGED from [androidx.compose.ui:ui-tooling:1.1.1] AndroidManifest.xml:20:5-22:41
MERGED from [androidx.compose.ui:ui-tooling:1.1.1] AndroidManifest.xml:20:5-22:41
MERGED from [androidx.compose.material:material:1.1.1] AndroidManifest.xml:20:5-22:41
MERGED from [androidx.compose.material:material:1.1.1] AndroidManifest.xml:20:5-22:41
MERGED from [androidx.hilt:hilt-navigation-compose:1.0.0] AndroidManifest.xml:20:5-22:41
MERGED from [androidx.hilt:hilt-navigation-compose:1.0.0] AndroidManifest.xml:20:5-22:41
MERGED from [androidx.navigation:navigation-compose:2.4.0] AndroidManifest.xml:20:5-22:41
MERGED from [androidx.navigation:navigation-compose:2.4.0] AndroidManifest.xml:20:5-22:41
MERGED from [androidx.activity:activity-compose:1.3.1] AndroidManifest.xml:20:5-22:41
MERGED from [androidx.activity:activity-compose:1.3.1] AndroidManifest.xml:20:5-22:41
MERGED from [androidx.lifecycle:lifecycle-viewmodel-compose:2.4.1] AndroidManifest.xml:20:5-22:41
MERGED from [androidx.lifecycle:lifecycle-viewmodel-compose:2.4.1] AndroidManifest.xml:20:5-22:41
MERGED from [androidx.compose.ui:ui-tooling-data:1.1.1] AndroidManifest.xml:20:5-22:41
MERGED from [androidx.compose.ui:ui-tooling-data:1.1.1] AndroidManifest.xml:20:5-22:41
MERGED from [androidx.compose.material:material-ripple:1.1.1] AndroidManifest.xml:20:5-22:41
MERGED from [androidx.compose.material:material-ripple:1.1.1] AndroidManifest.xml:20:5-22:41
MERGED from [androidx.compose.foundation:foundation:1.1.1] AndroidManifest.xml:20:5-22:41
MERGED from [androidx.compose.foundation:foundation:1.1.1] AndroidManifest.xml:20:5-22:41
MERGED from [androidx.compose.animation:animation:1.1.1] AndroidManifest.xml:20:5-22:41
MERGED from [androidx.compose.animation:animation:1.1.1] AndroidManifest.xml:20:5-22:41
MERGED from [androidx.compose.material:material-icons-core:1.1.1] AndroidManifest.xml:20:5-22:41
MERGED from [androidx.compose.material:material-icons-core:1.1.1] AndroidManifest.xml:20:5-22:41
MERGED from [androidx.compose.foundation:foundation-layout:1.1.1] AndroidManifest.xml:20:5-22:41
MERGED from [androidx.compose.foundation:foundation-layout:1.1.1] AndroidManifest.xml:20:5-22:41
MERGED from [androidx.compose.animation:animation-core:1.1.1] AndroidManifest.xml:20:5-22:41
MERGED from [androidx.compose.animation:animation-core:1.1.1] AndroidManifest.xml:20:5-22:41
MERGED from [androidx.compose.ui:ui:1.1.1] AndroidManifest.xml:20:5-22:41
MERGED from [androidx.compose.ui:ui:1.1.1] AndroidManifest.xml:20:5-22:41
MERGED from [androidx.hilt:hilt-navigation:1.0.0] AndroidManifest.xml:20:5-22:41
MERGED from [androidx.hilt:hilt-navigation:1.0.0] AndroidManifest.xml:20:5-22:41
MERGED from [androidx.navigation:navigation-runtime-ktx:2.4.0] AndroidManifest.xml:20:5-22:41
MERGED from [androidx.navigation:navigation-runtime-ktx:2.4.0] AndroidManifest.xml:20:5-22:41
MERGED from [androidx.navigation:navigation-runtime:2.4.0] AndroidManifest.xml:20:5-22:41
MERGED from [androidx.navigation:navigation-runtime:2.4.0] AndroidManifest.xml:20:5-22:41
MERGED from [androidx.activity:activity-ktx:1.3.1] AndroidManifest.xml:20:5-22:41
MERGED from [androidx.activity:activity-ktx:1.3.1] AndroidManifest.xml:20:5-22:41
MERGED from [androidx.navigation:navigation-common-ktx:2.4.0] AndroidManifest.xml:20:5-22:41
MERGED from [androidx.navigation:navigation-common-ktx:2.4.0] AndroidManifest.xml:20:5-22:41
MERGED from [androidx.navigation:navigation-common:2.4.0] AndroidManifest.xml:20:5-22:41
MERGED from [androidx.navigation:navigation-common:2.4.0] AndroidManifest.xml:20:5-22:41
MERGED from [androidx.lifecycle:lifecycle-runtime-ktx:2.3.1] AndroidManifest.xml:20:5-22:41
MERGED from [androidx.lifecycle:lifecycle-runtime-ktx:2.3.1] AndroidManifest.xml:20:5-22:41
MERGED from [androidx.compose.ui:ui-tooling-preview:1.1.1] AndroidManifest.xml:20:5-22:41
MERGED from [androidx.compose.ui:ui-tooling-preview:1.1.1] AndroidManifest.xml:20:5-22:41
MERGED from [androidx.compose.ui:ui-text:1.1.1] AndroidManifest.xml:20:5-22:41
MERGED from [androidx.compose.ui:ui-text:1.1.1] AndroidManifest.xml:20:5-22:41
MERGED from [androidx.compose.runtime:runtime-saveable:1.1.1] AndroidManifest.xml:20:5-22:41
MERGED from [androidx.compose.runtime:runtime-saveable:1.1.1] AndroidManifest.xml:20:5-22:41
MERGED from [androidx.compose.ui:ui-graphics:1.1.1] AndroidManifest.xml:20:5-22:41
MERGED from [androidx.compose.ui:ui-graphics:1.1.1] AndroidManifest.xml:20:5-22:41
MERGED from [androidx.compose.ui:ui-unit:1.1.1] AndroidManifest.xml:20:5-22:41
MERGED from [androidx.compose.ui:ui-unit:1.1.1] AndroidManifest.xml:20:5-22:41
MERGED from [androidx.compose.ui:ui-geometry:1.1.1] AndroidManifest.xml:20:5-22:41
MERGED from [androidx.compose.ui:ui-geometry:1.1.1] AndroidManifest.xml:20:5-22:41
MERGED from [androidx.compose.runtime:runtime:1.1.1] AndroidManifest.xml:20:5-22:41
MERGED from [androidx.compose.runtime:runtime:1.1.1] AndroidManifest.xml:20:5-22:41
MERGED from [androidx.lifecycle:lifecycle-viewmodel-ktx:2.3.1] AndroidManifest.xml:20:5-22:41
MERGED from [androidx.lifecycle:lifecycle-viewmodel-ktx:2.3.1] AndroidManifest.xml:20:5-22:41
MERGED from [androidx.core:core-ktx:1.7.0] AndroidManifest.xml:5:5-7:41
MERGED from [androidx.core:core-ktx:1.7.0] AndroidManifest.xml:5:5-7:41
MERGED from [androidx.hilt:hilt-lifecycle-viewmodel:1.0.0-alpha03] AndroidManifest.xml:20:5-22:41
MERGED from [androidx.hilt:hilt-lifecycle-viewmodel:1.0.0-alpha03] AndroidManifest.xml:20:5-22:41
MERGED from [com.google.dagger:hilt-android:2.40.5] AndroidManifest.xml:18:3-42
MERGED from [com.google.dagger:hilt-android:2.40.5] AndroidManifest.xml:18:3-42
MERGED from [com.google.android.gms:play-services-location:20.0.0] AndroidManifest.xml:5:5-44
MERGED from [com.google.android.gms:play-services-location:20.0.0] AndroidManifest.xml:5:5-44
MERGED from [androidx.compose.ui:ui-util:1.1.1] AndroidManifest.xml:20:5-22:41
MERGED from [androidx.compose.ui:ui-util:1.1.1] AndroidManifest.xml:20:5-22:41
MERGED from [androidx.savedstate:savedstate-ktx:1.1.0] AndroidManifest.xml:20:5-22:41
MERGED from [androidx.savedstate:savedstate-ktx:1.1.0] AndroidManifest.xml:20:5-22:41
MERGED from [androidx.autofill:autofill:1.0.0] AndroidManifest.xml:20:5-22:41
MERGED from [androidx.autofill:autofill:1.0.0] AndroidManifest.xml:20:5-22:41
MERGED from [com.google.android.gms:play-services-base:18.0.1] AndroidManifest.xml:18:5-43
MERGED from [com.google.android.gms:play-services-base:18.0.1] AndroidManifest.xml:18:5-43
MERGED from [com.google.android.gms:play-services-tasks:18.0.1] AndroidManifest.xml:4:5-43
MERGED from [com.google.android.gms:play-services-tasks:18.0.1] AndroidManifest.xml:4:5-43
MERGED from [com.google.android.gms:play-services-basement:18.0.0] AndroidManifest.xml:18:5-43
MERGED from [com.google.android.gms:play-services-basement:18.0.0] AndroidManifest.xml:18:5-43
MERGED from [androidx.fragment:fragment:1.3.6] AndroidManifest.xml:20:5-22:41
MERGED from [androidx.fragment:fragment:1.3.6] AndroidManifest.xml:20:5-22:41
MERGED from [androidx.activity:activity:1.3.1] AndroidManifest.xml:20:5-22:41
MERGED from [androidx.activity:activity:1.3.1] AndroidManifest.xml:20:5-22:41
MERGED from [androidx.viewpager:viewpager:1.0.0] AndroidManifest.xml:20:5-44
MERGED from [androidx.viewpager:viewpager:1.0.0] AndroidManifest.xml:20:5-44
MERGED from [androidx.loader:loader:1.0.0] AndroidManifest.xml:20:5-44
MERGED from [androidx.loader:loader:1.0.0] AndroidManifest.xml:20:5-44
MERGED from [androidx.customview:customview:1.0.0] AndroidManifest.xml:20:5-44
MERGED from [androidx.customview:customview:1.0.0] AndroidManifest.xml:20:5-44
MERGED from [androidx.core:core:1.7.0] AndroidManifest.xml:20:5-22:41
MERGED from [androidx.core:core:1.7.0] AndroidManifest.xml:20:5-22:41
MERGED from [androidx.lifecycle:lifecycle-viewmodel-savedstate:2.3.1] AndroidManifest.xml:20:5-22:41
MERGED from [androidx.lifecycle:lifecycle-viewmodel-savedstate:2.3.1] AndroidManifest.xml:20:5-22:41
MERGED from [androidx.savedstate:savedstate:1.1.0] AndroidManifest.xml:20:5-22:41
MERGED from [androidx.savedstate:savedstate:1.1.0] AndroidManifest.xml:20:5-22:41
MERGED from [androidx.profileinstaller:profileinstaller:1.1.0] AndroidManifest.xml:21:5-23:41
MERGED from [androidx.profileinstaller:profileinstaller:1.1.0] AndroidManifest.xml:21:5-23:41
MERGED from [androidx.lifecycle:lifecycle-runtime:2.3.1] AndroidManifest.xml:20:5-22:41
MERGED from [androidx.lifecycle:lifecycle-runtime:2.3.1] AndroidManifest.xml:20:5-22:41
MERGED from [androidx.lifecycle:lifecycle-viewmodel:2.3.1] AndroidManifest.xml:20:5-22:41
MERGED from [androidx.lifecycle:lifecycle-viewmodel:2.3.1] AndroidManifest.xml:20:5-22:41
MERGED from [androidx.lifecycle:lifecycle-livedata:2.0.0] AndroidManifest.xml:20:5-44
MERGED from [androidx.lifecycle:lifecycle-livedata:2.0.0] AndroidManifest.xml:20:5-44
MERGED from [androidx.lifecycle:lifecycle-livedata-core:2.3.1] AndroidManifest.xml:20:5-22:41
MERGED from [androidx.lifecycle:lifecycle-livedata-core:2.3.1] AndroidManifest.xml:20:5-22:41
MERGED from [androidx.versionedparcelable:versionedparcelable:1.1.1] AndroidManifest.xml:20:5-22:41
MERGED from [androidx.versionedparcelable:versionedparcelable:1.1.1] AndroidManifest.xml:20:5-22:41
MERGED from [androidx.startup:startup-runtime:1.0.0] AndroidManifest.xml:21:5-23:41
MERGED from [androidx.startup:startup-runtime:1.0.0] AndroidManifest.xml:21:5-23:41
MERGED from [androidx.arch.core:core-runtime:2.1.0] AndroidManifest.xml:20:5-22:41
MERGED from [androidx.arch.core:core-runtime:2.1.0] AndroidManifest.xml:20:5-22:41
MERGED from [androidx.tracing:tracing:1.0.0] AndroidManifest.xml:20:5-22:41
MERGED from [androidx.tracing:tracing:1.0.0] AndroidManifest.xml:20:5-22:41
MERGED from [com.google.dagger:dagger-lint-aar:2.40.5] AndroidManifest.xml:18:3-42
MERGED from [com.google.dagger:dagger-lint-aar:2.40.5] AndroidManifest.xml:18:3-42
MERGED from [androidx.annotation:annotation-experimental:1.1.0] AndroidManifest.xml:20:5-22:41
MERGED from [androidx.annotation:annotation-experimental:1.1.0] AndroidManifest.xml:20:5-22:41
INJECTED from src\main\AndroidManifest.xml
INJECTED from src\main\AndroidManifest.xml
	android:targetSdkVersion
		INJECTED from src\main\AndroidManifest.xml
		ADDED from src\main\AndroidManifest.xml
		INJECTED from src\main\AndroidManifest.xml
	android:minSdkVersion
		INJECTED from src\main\AndroidManifest.xml
		ADDED from src\main\AndroidManifest.xml
		INJECTED from src\main\AndroidManifest.xml
activity#androidx.compose.ui.tooling.PreviewActivity
ADDED from [androidx.compose.ui:ui-tooling:1.1.1] AndroidManifest.xml:25:9-27:39
	android:exported
		ADDED from [androidx.compose.ui:ui-tooling:1.1.1] AndroidManifest.xml:27:13-36
	android:name
		ADDED from [androidx.compose.ui:ui-tooling:1.1.1] AndroidManifest.xml:26:13-71
activity#com.google.android.gms.common.api.GoogleApiActivity
ADDED from [com.google.android.gms:play-services-base:18.0.1] AndroidManifest.xml:20:9-22:45
	android:exported
		ADDED from [com.google.android.gms:play-services-base:18.0.1] AndroidManifest.xml:22:19-43
	android:theme
		ADDED from [com.google.android.gms:play-services-base:18.0.1] AndroidManifest.xml:21:19-78
	android:name
		ADDED from [com.google.android.gms:play-services-base:18.0.1] AndroidManifest.xml:20:19-85
meta-data#com.google.android.gms.version
ADDED from [com.google.android.gms:play-services-basement:18.0.0] AndroidManifest.xml:21:9-23:69
	android:value
		ADDED from [com.google.android.gms:play-services-basement:18.0.0] AndroidManifest.xml:23:13-66
	android:name
		ADDED from [com.google.android.gms:play-services-basement:18.0.0] AndroidManifest.xml:22:13-58
provider#androidx.startup.InitializationProvider
ADDED from [androidx.profileinstaller:profileinstaller:1.1.0] AndroidManifest.xml:26:9-34:20
MERGED from [androidx.startup:startup-runtime:1.0.0] AndroidManifest.xml:26:9-30:34
MERGED from [androidx.startup:startup-runtime:1.0.0] AndroidManifest.xml:26:9-30:34
	tools:node
		ADDED from [androidx.profileinstaller:profileinstaller:1.1.0] AndroidManifest.xml:30:13-31
	android:authorities
		ADDED from [androidx.profileinstaller:profileinstaller:1.1.0] AndroidManifest.xml:28:13-68
	android:exported
		ADDED from [androidx.profileinstaller:profileinstaller:1.1.0] AndroidManifest.xml:29:13-37
	android:name
		ADDED from [androidx.profileinstaller:profileinstaller:1.1.0] AndroidManifest.xml:27:13-67
meta-data#androidx.profileinstaller.ProfileInstallerInitializer
ADDED from [androidx.profileinstaller:profileinstaller:1.1.0] AndroidManifest.xml:31:13-33:52
	android:value
		ADDED from [androidx.profileinstaller:profileinstaller:1.1.0] AndroidManifest.xml:33:17-49
	android:name
		ADDED from [androidx.profileinstaller:profileinstaller:1.1.0] AndroidManifest.xml:32:17-85
receiver#androidx.profileinstaller.ProfileInstallReceiver
ADDED from [androidx.profileinstaller:profileinstaller:1.1.0] AndroidManifest.xml:36:9-45:20
	android:enabled
		ADDED from [androidx.profileinstaller:profileinstaller:1.1.0] AndroidManifest.xml:39:13-35
	android:exported
		ADDED from [androidx.profileinstaller:profileinstaller:1.1.0] AndroidManifest.xml:40:13-36
	android:permission
		ADDED from [androidx.profileinstaller:profileinstaller:1.1.0] AndroidManifest.xml:41:13-57
	android:directBootAware
		ADDED from [androidx.profileinstaller:profileinstaller:1.1.0] AndroidManifest.xml:38:13-44
	android:name
		ADDED from [androidx.profileinstaller:profileinstaller:1.1.0] AndroidManifest.xml:37:13-76
intent-filter#action:name:androidx.profileinstaller.action.INSTALL_PROFILE
ADDED from [androidx.profileinstaller:profileinstaller:1.1.0] AndroidManifest.xml:42:13-44:29
action#androidx.profileinstaller.action.INSTALL_PROFILE
ADDED from [androidx.profileinstaller:profileinstaller:1.1.0] AndroidManifest.xml:43:17-91
	android:name
		ADDED from [androidx.profileinstaller:profileinstaller:1.1.0] AndroidManifest.xml:43:25-88